<?xml version="1.0" encoding="UTF-8"?>
<!-- Generated by org.testng.reporters.JUnitReportReporter -->
<testsuite hostname="HP-PCTDFHGJ" failures="0" tests="1" name="com.vtechsolutions.orangehrm.testcases.LoginTC_02" time="3.140" errors="0" timestamp="2022-08-28T18:44:23 IST" skipped="0">
  <testcase classname="com.vtechsolutions.orangehrm.testcases.LoginTC_02" name="loginTC_01" time="3.140"/>
  <system-out/>
</testsuite> <!-- com.vtechsolutions.orangehrm.testcases.LoginTC_02 -->
