<?xml version="1.0" encoding="UTF-8"?>
<!-- Generated by org.testng.reporters.JUnitReportReporter -->
<testsuite hostname="HP-PCTDFHGJ" failures="0" tests="3" name="com.vtechsolutions.orangehrm.testcases.LoginTC_03" time="52.290" errors="0" timestamp="2022-08-28T19:17:00 IST" skipped="0">
  <testcase classname="com.vtechsolutions.orangehrm.testcases.LoginTC_03" name="verifylogin" time="18.012"/>
  <system-out/>
  <testcase classname="com.vtechsolutions.orangehrm.testcases.LoginTC_03" name="verifylogin" time="18.155"/>
  <system-out/>
  <testcase classname="com.vtechsolutions.orangehrm.testcases.LoginTC_03" name="verifylogin" time="16.123"/>
  <system-out/>
</testsuite> <!-- com.vtechsolutions.orangehrm.testcases.LoginTC_03 -->
